  [1m[35m (0.6ms)[0m  [1m[34mSELECT sqlite_version(*)[0m
  [1m[35m (0.2ms)[0m  [1m[34mSELECT "schema_migrations"."version" FROM "schema_migrations" ORDER BY "schema_migrations"."version" ASC[0m
  [1m[36mActiveRecord::InternalMetadata Load (0.2ms)[0m  [1m[34mSELECT "ar_internal_metadata".* FROM "ar_internal_metadata" WHERE "ar_internal_metadata"."key" = ? LIMIT ?[0m  [["key", "environment"], ["LIMIT", 1]]
  [1m[35m (0.1ms)[0m  [1m[34mSELECT sqlite_version(*)[0m
  [1m[35m (0.2ms)[0m  [1m[34mSELECT "schema_migrations"."version" FROM "schema_migrations" ORDER BY "schema_migrations"."version" ASC[0m
  [1m[35m (0.3ms)[0m  [1m[34mSELECT sqlite_version(*)[0m
  [1m[35m (1.8ms)[0m  [1m[34mSELECT "schema_migrations"."version" FROM "schema_migrations" ORDER BY "schema_migrations"."version" ASC[0m
Migrating to CreateFeedbacks (20201204024837)
  [1m[35m (0.1ms)[0m  [1m[36mbegin transaction[0m
  [1m[35m (0.3ms)[0m  [1m[35mCREATE TABLE "feedbacks" ("id" integer PRIMARY KEY AUTOINCREMENT NOT NULL, "presentation_id" integer, "ranking" integer, "comment" text, "created_at" datetime(6) NOT NULL, "updated_at" datetime(6) NOT NULL)[0m
  [1m[36mprimary::SchemaMigration Create (0.1ms)[0m  [1m[32mINSERT INTO "schema_migrations" ("version") VALUES (?)[0m  [["version", "20201204024837"]]
  [1m[35m (4.9ms)[0m  [1m[36mcommit transaction[0m
  [1m[36mActiveRecord::InternalMetadata Load (0.2ms)[0m  [1m[34mSELECT "ar_internal_metadata".* FROM "ar_internal_metadata" WHERE "ar_internal_metadata"."key" = ? LIMIT ?[0m  [["key", "environment"], ["LIMIT", 1]]
  [1m[35m (0.1ms)[0m  [1m[34mSELECT sqlite_version(*)[0m
  [1m[35m (0.1ms)[0m  [1m[34mSELECT "schema_migrations"."version" FROM "schema_migrations" ORDER BY "schema_migrations"."version" ASC[0m
Started GET "/" for 127.0.0.1 at 2020-12-03 21:49:40 -0500
  [1m[35m (0.6ms)[0m  [1m[34mSELECT sqlite_version(*)[0m
  [1m[35m (1.2ms)[0m  [1m[34mSELECT "schema_migrations"."version" FROM "schema_migrations" ORDER BY "schema_migrations"."version" ASC[0m
Processing by StaticPagesController#home as HTML
  Rendering static_pages/home.html.erb within layouts/application
  Rendered static_pages/home.html.erb within layouts/application (Duration: 0.7ms | Allocations: 283)
[Webpacker] Everything's up-to-date. Nothing to do
  Rendered layouts/_header.html.erb (Duration: 0.9ms | Allocations: 470)
  Rendered layouts/_footer.html.erb (Duration: 0.8ms | Allocations: 95)
Completed 200 OK in 826ms (Views: 815.6ms | ActiveRecord: 0.0ms | Allocations: 140783)


Started GET "/login" for 127.0.0.1 at 2020-12-03 21:49:43 -0500
Processing by SessionsController#new as HTML
  Rendering sessions/new.html.erb within layouts/application
  Rendered sessions/new.html.erb within layouts/application (Duration: 16.0ms | Allocations: 4727)
[Webpacker] Everything's up-to-date. Nothing to do
  Rendered layouts/_header.html.erb (Duration: 0.3ms | Allocations: 82)
  Rendered layouts/_footer.html.erb (Duration: 0.0ms | Allocations: 5)
Completed 200 OK in 51ms (Views: 49.6ms | ActiveRecord: 0.0ms | Allocations: 13707)


Started POST "/login" for 127.0.0.1 at 2020-12-03 21:49:45 -0500
Processing by SessionsController#create as HTML
  Parameters: {"authenticity_token"=>"JU+jNRozHd6nBZnCDsVnuVN0mV2Pez3higPDvZSERHAkwVwrrpE6L/NnmaFyn94RCP9oCko9p0PRqbzx6aZ2FQ==", "session"=>{"email"=>"sivilotti@paul", "password"=>"[FILTERED]"}, "commit"=>"Log in"}
  [1m[36mUser Load (0.2ms)[0m  [1m[34mSELECT "users".* FROM "users" WHERE "users"."email" = ? LIMIT ?[0m  [["email", "sivilotti@paul"], ["LIMIT", 1]]
  ↳ app/controllers/sessions_controller.rb:6:in `create'
Redirected to http://localhost:3000/users/11
Completed 302 Found in 299ms (ActiveRecord: 2.1ms | Allocations: 10774)


Started GET "/users/11" for 127.0.0.1 at 2020-12-03 21:49:46 -0500
Processing by UsersController#show as HTML
  Parameters: {"id"=>"11"}
  [1m[36mUser Load (0.2ms)[0m  [1m[34mSELECT "users".* FROM "users" WHERE "users"."id" = ? LIMIT ?[0m  [["id", 11], ["LIMIT", 1]]
  ↳ app/controllers/users_controller.rb:68:in `set_user'
  Rendering users/show.html.erb within layouts/application
  Rendered users/show.html.erb within layouts/application (Duration: 0.8ms | Allocations: 345)
[Webpacker] Everything's up-to-date. Nothing to do
  [1m[36mUser Load (0.2ms)[0m  [1m[34mSELECT "users".* FROM "users" WHERE "users"."id" = ? LIMIT ?[0m  [["id", 11], ["LIMIT", 1]]
  ↳ app/helpers/sessions_helper.rb:11:in `current_user'
  Rendered layouts/_header.html.erb (Duration: 5.9ms | Allocations: 943)
  Rendered layouts/_footer.html.erb (Duration: 0.0ms | Allocations: 5)
Completed 200 OK in 37ms (Views: 34.4ms | ActiveRecord: 0.3ms | Allocations: 10898)


Started GET "/presentations" for 127.0.0.1 at 2020-12-03 21:49:49 -0500
Processing by PresentationsController#index as HTML
  Rendering presentations/index.html.erb within layouts/application
  [1m[36mPresentation Load (0.2ms)[0m  [1m[34mSELECT "presentations".* FROM "presentations"[0m
  ↳ app/views/presentations/index.html.erb:15
  Rendered presentations/index.html.erb within layouts/application (Duration: 24.1ms | Allocations: 4559)
[Webpacker] Everything's up-to-date. Nothing to do
  [1m[36mUser Load (0.1ms)[0m  [1m[34mSELECT "users".* FROM "users" WHERE "users"."id" = ? LIMIT ?[0m  [["id", 11], ["LIMIT", 1]]
  ↳ app/helpers/sessions_helper.rb:11:in `current_user'
  Rendered layouts/_header.html.erb (Duration: 2.2ms | Allocations: 836)
  Rendered layouts/_footer.html.erb (Duration: 0.0ms | Allocations: 5)
Completed 200 OK in 50ms (Views: 45.0ms | ActiveRecord: 2.6ms | Allocations: 14913)


Started GET "/feedbacks/new" for 127.0.0.1 at 2020-12-03 21:49:52 -0500
Processing by FeedbacksController#new as HTML
  Rendering feedbacks/new.html.erb within layouts/application
  Rendered feedbacks/_form.html.erb (Duration: 7.7ms | Allocations: 1855)
  Rendered feedbacks/new.html.erb within layouts/application (Duration: 9.3ms | Allocations: 2204)
[Webpacker] Everything's up-to-date. Nothing to do
  [1m[36mUser Load (0.1ms)[0m  [1m[34mSELECT "users".* FROM "users" WHERE "users"."id" = ? LIMIT ?[0m  [["id", 11], ["LIMIT", 1]]
  ↳ app/helpers/sessions_helper.rb:11:in `current_user'
  Rendered layouts/_header.html.erb (Duration: 3.9ms | Allocations: 837)
  Rendered layouts/_footer.html.erb (Duration: 0.0ms | Allocations: 5)
Completed 200 OK in 51ms (Views: 38.5ms | ActiveRecord: 1.5ms | Allocations: 16279)


Started GET "/feedbacks" for 127.0.0.1 at 2020-12-03 21:49:58 -0500
Processing by FeedbacksController#index as HTML
  Rendering feedbacks/index.html.erb within layouts/application
  [1m[36mFeedback Load (0.2ms)[0m  [1m[34mSELECT "feedbacks".* FROM "feedbacks"[0m
  ↳ app/views/feedbacks/index.html.erb:16
  Rendered feedbacks/index.html.erb within layouts/application (Duration: 2.2ms | Allocations: 948)
[Webpacker] Everything's up-to-date. Nothing to do
  [1m[36mUser Load (0.8ms)[0m  [1m[34mSELECT "users".* FROM "users" WHERE "users"."id" = ? LIMIT ?[0m  [["id", 11], ["LIMIT", 1]]
  ↳ app/helpers/sessions_helper.rb:11:in `current_user'
  Rendered layouts/_header.html.erb (Duration: 4.0ms | Allocations: 838)
  Rendered layouts/_footer.html.erb (Duration: 0.0ms | Allocations: 5)
Completed 200 OK in 28ms (Views: 22.2ms | ActiveRecord: 1.0ms | Allocations: 10231)


Started GET "/presentations" for 127.0.0.1 at 2020-12-03 21:50:06 -0500
Processing by PresentationsController#index as HTML
  Rendering presentations/index.html.erb within layouts/application
  [1m[36mPresentation Load (0.1ms)[0m  [1m[34mSELECT "presentations".* FROM "presentations"[0m
  ↳ app/views/presentations/index.html.erb:15
  Rendered presentations/index.html.erb within layouts/application (Duration: 3.8ms | Allocations: 812)
[Webpacker] Everything's up-to-date. Nothing to do
  [1m[36mUser Load (0.1ms)[0m  [1m[34mSELECT "users".* FROM "users" WHERE "users"."id" = ? LIMIT ?[0m  [["id", 11], ["LIMIT", 1]]
  ↳ app/helpers/sessions_helper.rb:11:in `current_user'
  Rendered layouts/_header.html.erb (Duration: 2.6ms | Allocations: 836)
  Rendered layouts/_footer.html.erb (Duration: 0.0ms | Allocations: 5)
Completed 200 OK in 25ms (Views: 23.3ms | ActiveRecord: 0.2ms | Allocations: 9938)


